{
  "0 debug pnpm:scope": {
    "selected": 1
  },
  "1 info pnpm": {
    "err": {
      "name": "Error",
      "message": "not found: global",
      "code": "ENOENT",
      "stack": "Error: not found: global\n    at getNotFoundError (/Users/rogeryee/.pnpm/5/node_modules/.pnpm/pnpm@6.32.6/node_modules/pnpm/dist/pnpm.cjs:41595:51)\n    at Function.whichSync [as sync] (/Users/rogeryee/.pnpm/5/node_modules/.pnpm/pnpm@6.32.6/node_modules/pnpm/dist/pnpm.cjs:41672:13)\n    at getCommandAbsolutePathSync (/Users/rogeryee/.pnpm/5/node_modules/.pnpm/pnpm@6.32.6/node_modules/pnpm/dist/pnpm.cjs:43237:44)\n    at default_1 (/Users/rogeryee/.pnpm/5/node_modules/.pnpm/pnpm@6.32.6/node_modules/pnpm/dist/pnpm.cjs:43246:32)\n    at /Users/rogeryee/.pnpm/5/node_modules/.pnpm/pnpm@6.32.6/node_modules/pnpm/dist/pnpm.cjs:178233:39"
    }
  },
  "2 error pnpm": {
    "code": "ERR_PNPM_RECURSIVE_EXEC_FIRST_FAIL",
    "prefix": "/Users/rogeryee",
    "err": {
      "name": "pnpm",
      "message": "not found: global",
      "code": "ERR_PNPM_RECURSIVE_EXEC_FIRST_FAIL",
      "stack": "Error: not found: global\n    at getNotFoundError (/Users/rogeryee/.pnpm/5/node_modules/.pnpm/pnpm@6.32.6/node_modules/pnpm/dist/pnpm.cjs:41595:51)\n    at Function.whichSync [as sync] (/Users/rogeryee/.pnpm/5/node_modules/.pnpm/pnpm@6.32.6/node_modules/pnpm/dist/pnpm.cjs:41672:13)\n    at getCommandAbsolutePathSync (/Users/rogeryee/.pnpm/5/node_modules/.pnpm/pnpm@6.32.6/node_modules/pnpm/dist/pnpm.cjs:43237:44)\n    at default_1 (/Users/rogeryee/.pnpm/5/node_modules/.pnpm/pnpm@6.32.6/node_modules/pnpm/dist/pnpm.cjs:43246:32)\n    at /Users/rogeryee/.pnpm/5/node_modules/.pnpm/pnpm@6.32.6/node_modules/pnpm/dist/pnpm.cjs:178233:39"
    }
  }
}